# JRE version: OpenJDK Runtime Environment Temurin-17.0.12+7 (17.0.12+7) (build 17.0.12+7)
# Java VM: OpenJDK 64-Bit Server VM Temurin-17.0.12+7 (17.0.12+7, mixed mode, tiered, compressed oops, compressed class ptrs, parallel gc, windows-amd64)
GC Precious Log:
 CPUs: 8 total, 8 available
 Memory: 7973M
 Large Page Support: Disabled
 NUMA Support: Disabled
 Compressed Oops: Enabled (32-bit)
 Alignments: Space 512K, Generation 512K, Heap 2M
 Heap Min Capacity: 100M
 Heap Initial Capacity: 100M
 Heap Max Capacity: 1G
 Pre-touch: Disabled
 Parallel Workers: 8
Heap:
 PSYoungGen      total 20480K, used 6041K [0x00000000eab00000, 0x00000000ec600000, 0x0000000100000000)
  eden space 16384K, 12% used [0x00000000eab00000,0x00000000eacec498,0x00000000ebb00000)
  from space 4096K, 99% used [0x00000000ebb00000,0x00000000ebef9fe0,0x00000000ebf00000)
  to   space 5632K, 0% used [0x00000000ec080000,0x00000000ec080000,0x00000000ec600000)
 ParOldGen       total 223744K, used 196946K [0x00000000c0000000, 0x00000000cda80000, 0x00000000eab00000)
  object space 223744K, 88% used [0x00000000c0000000,0x00000000cc054860,0x00000000cda80000)
 Metaspace       used 91366K, committed 92736K, reserved 1179648K
  class space    used 9832K, committed 10432K, reserved 1048576K
GC Heap History (20 events):
Event: 613.973 GC heap before
{Heap before GC invocations=289 (full 12):
 PSYoungGen      total 20480K, used 20447K [0x00000000eab00000, 0x00000000ec280000, 0x0000000100000000)
  eden space 18432K, 100% used [0x00000000eab00000,0x00000000ebd00000,0x00000000ebd00000)
  from space 2048K, 98% used [0x00000000ec080000,0x00000000ec277ec0,0x00000000ec280000)
  to   space 2560K, 0% used [0x00000000ebd80000,0x00000000ebd80000,0x00000000ec000000)
 ParOldGen       total 223744K, used 192016K [0x00000000c0000000, 0x00000000cda80000, 0x00000000eab00000)
  object space 223744K, 85% used [0x00000000c0000000,0x00000000cbb84240,0x00000000cda80000)
 Metaspace       used 89653K, committed 91072K, reserved 1179648K
  class space    used 9698K, committed 10304K, reserved 1048576K
}
Event: 613.975 GC heap after
{Heap after GC invocations=289 (full 12):
 PSYoungGen      total 20992K, used 2559K [0x00000000eab00000, 0x00000000ec300000, 0x0000000100000000)
  eden space 18432K, 0% used [0x00000000eab00000,0x00000000eab00000,0x00000000ebd00000)
  from space 2560K, 99% used [0x00000000ebd80000,0x00000000ebfffef0,0x00000000ec000000)
  to   space 3072K, 0% used [0x00000000ec000000,0x00000000ec000000,0x00000000ec300000)
 ParOldGen       total 223744K, used 192336K [0x00000000c0000000, 0x00000000cda80000, 0x00000000eab00000)
  object space 223744K, 85% used [0x00000000c0000000,0x00000000cbbd4250,0x00000000cda80000)
 Metaspace       used 89653K, committed 91072K, reserved 1179648K
  class space    used 9698K, committed 10304K, reserved 1048576K
}
Event: 1479.907 GC heap before
{Heap before GC invocations=290 (full 12):
 PSYoungGen      total 20992K, used 20991K [0x00000000eab00000, 0x00000000ec300000, 0x0000000100000000)
  eden space 18432K, 100% used [0x00000000eab00000,0x00000000ebd00000,0x00000000ebd00000)
  from space 2560K, 99% used [0x00000000ebd80000,0x00000000ebfffef0,0x00000000ec000000)
  to   space 3072K, 0% used [0x00000000ec000000,0x00000000ec000000,0x00000000ec300000)
 ParOldGen       total 223744K, used 192336K [0x00000000c0000000, 0x00000000cda80000, 0x00000000eab00000)
  object space 223744K, 85% used [0x00000000c0000000,0x00000000cbbd4250,0x00000000cda80000)
 Metaspace       used 90086K, committed 91456K, reserved 1179648K
  class space    used 9754K, committed 10368K, reserved 1048576K
}
Event: 1479.909 GC heap after
{Heap after GC invocations=290 (full 12):
 PSYoungGen      total 20992K, used 2319K [0x00000000eab00000, 0x00000000ec280000, 0x0000000100000000)
  eden space 18432K, 0% used [0x00000000eab00000,0x00000000eab00000,0x00000000ebd00000)
  from space 2560K, 90% used [0x00000000ec000000,0x00000000ec243ea0,0x00000000ec280000)
  to   space 2560K, 0% used [0x00000000ebd80000,0x00000000ebd80000,0x00000000ec000000)
 ParOldGen       total 223744K, used 192368K [0x00000000c0000000, 0x00000000cda80000, 0x00000000eab00000)
  object space 223744K, 85% used [0x00000000c0000000,0x00000000cbbdc250,0x00000000cda80000)
 Metaspace       used 90086K, committed 91456K, reserved 1179648K
  class space    used 9754K, committed 10368K, reserved 1048576K
}
Event: 1483.304 GC heap before
{Heap before GC invocations=291 (full 12):
 PSYoungGen      total 20992K, used 20738K [0x00000000eab00000, 0x00000000ec280000, 0x0000000100000000)
  eden space 18432K, 99% used [0x00000000eab00000,0x00000000ebcfcc38,0x00000000ebd00000)
  from space 2560K, 90% used [0x00000000ec000000,0x00000000ec243ea0,0x00000000ec280000)
  to   space 2560K, 0% used [0x00000000ebd80000,0x00000000ebd80000,0x00000000ec000000)
 ParOldGen       total 223744K, used 192368K [0x00000000c0000000, 0x00000000cda80000, 0x00000000eab00000)
  object space 223744K, 85% used [0x00000000c0000000,0x00000000cbbdc250,0x00000000cda80000)
 Metaspace       used 90121K, committed 91456K, reserved 1179648K
  class space    used 9756K, committed 10368K, reserved 1048576K
}
Event: 1483.306 GC heap after
{Heap after GC invocations=291 (full 12):
 PSYoungGen      total 20992K, used 2559K [0x00000000eab00000, 0x00000000ec300000, 0x0000000100000000)
  eden space 18432K, 0% used [0x00000000eab00000,0x00000000eab00000,0x00000000ebd00000)
  from space 2560K, 99% used [0x00000000ebd80000,0x00000000ebfffed0,0x00000000ec000000)
  to   space 3072K, 0% used [0x00000000ec000000,0x00000000ec000000,0x00000000ec300000)
 ParOldGen       total 223744K, used 192368K [0x00000000c0000000, 0x00000000cda80000, 0x00000000eab00000)
  object space 223744K, 85% used [0x00000000c0000000,0x00000000cbbdc250,0x00000000cda80000)
 Metaspace       used 90121K, committed 91456K, reserved 1179648K
  class space    used 9756K, committed 10368K, reserved 1048576K
}
Event: 1486.311 GC heap before
{Heap before GC invocations=292 (full 12):
 PSYoungGen      total 20992K, used 20991K [0x00000000eab00000, 0x00000000ec300000, 0x0000000100000000)
  eden space 18432K, 100% used [0x00000000eab00000,0x00000000ebd00000,0x00000000ebd00000)
  from space 2560K, 99% used [0x00000000ebd80000,0x00000000ebfffed0,0x00000000ec000000)
  to   space 3072K, 0% used [0x00000000ec000000,0x00000000ec000000,0x00000000ec300000)
 ParOldGen       total 223744K, used 192368K [0x00000000c0000000, 0x00000000cda80000, 0x00000000eab00000)
  object space 223744K, 85% used [0x00000000c0000000,0x00000000cbbdc250,0x00000000cda80000)
 Metaspace       used 90275K, committed 91584K, reserved 1179648K
  class space    used 9757K, committed 10368K, reserved 1048576K
}
Event: 1486.313 GC heap after
{Heap after GC invocations=292 (full 12):
 PSYoungGen      total 21504K, used 2799K [0x00000000eab00000, 0x00000000ec300000, 0x0000000100000000)
  eden space 18432K, 0% used [0x00000000eab00000,0x00000000eab00000,0x00000000ebd00000)
  from space 3072K, 91% used [0x00000000ec000000,0x00000000ec2bbee0,0x00000000ec300000)
  to   space 3072K, 0% used [0x00000000ebd00000,0x00000000ebd00000,0x00000000ec000000)
 ParOldGen       total 223744K, used 192464K [0x00000000c0000000, 0x00000000cda80000, 0x00000000eab00000)
  object space 223744K, 86% used [0x00000000c0000000,0x00000000cbbf4250,0x00000000cda80000)
 Metaspace       used 90275K, committed 91584K, reserved 1179648K
  class space    used 9757K, committed 10368K, reserved 1048576K
}
Event: 1487.123 GC heap before
{Heap before GC invocations=293 (full 12):
 PSYoungGen      total 21504K, used 21231K [0x00000000eab00000, 0x00000000ec300000, 0x0000000100000000)
  eden space 18432K, 100% used [0x00000000eab00000,0x00000000ebd00000,0x00000000ebd00000)
  from space 3072K, 91% used [0x00000000ec000000,0x00000000ec2bbee0,0x00000000ec300000)
  to   space 3072K, 0% used [0x00000000ebd00000,0x00000000ebd00000,0x00000000ec000000)
 ParOldGen       total 223744K, used 192464K [0x00000000c0000000, 0x00000000cda80000, 0x00000000eab00000)
  object space 223744K, 86% used [0x00000000c0000000,0x00000000cbbf4250,0x00000000cda80000)
 Metaspace       used 90402K, committed 91712K, reserved 1179648K
  class space    used 9764K, committed 10368K, reserved 1048576K
}
Event: 1487.126 GC heap after
{Heap after GC invocations=293 (full 12):
 PSYoungGen      total 21504K, used 2991K [0x00000000eab00000, 0x00000000ec300000, 0x0000000100000000)
  eden space 18432K, 0% used [0x00000000eab00000,0x00000000eab00000,0x00000000ebd00000)
  from space 3072K, 97% used [0x00000000ebd00000,0x00000000ebfebf30,0x00000000ec000000)
  to   space 3072K, 0% used [0x00000000ec000000,0x00000000ec000000,0x00000000ec300000)
 ParOldGen       total 223744K, used 192520K [0x00000000c0000000, 0x00000000cda80000, 0x00000000eab00000)
  object space 223744K, 86% used [0x00000000c0000000,0x00000000cbc02250,0x00000000cda80000)
 Metaspace       used 90402K, committed 91712K, reserved 1179648K
  class space    used 9764K, committed 10368K, reserved 1048576K
}
Event: 1489.363 GC heap before
{Heap before GC invocations=294 (full 12):
 PSYoungGen      total 21504K, used 21423K [0x00000000eab00000, 0x00000000ec300000, 0x0000000100000000)
  eden space 18432K, 100% used [0x00000000eab00000,0x00000000ebd00000,0x00000000ebd00000)
  from space 3072K, 97% used [0x00000000ebd00000,0x00000000ebfebf30,0x00000000ec000000)
  to   space 3072K, 0% used [0x00000000ec000000,0x00000000ec000000,0x00000000ec300000)
 ParOldGen       total 223744K, used 192520K [0x00000000c0000000, 0x00000000cda80000, 0x00000000eab00000)
  object space 223744K, 86% used [0x00000000c0000000,0x00000000cbc02250,0x00000000cda80000)
 Metaspace       used 90562K, committed 91904K, reserved 1179648K
  class space    used 9767K, committed 10368K, reserved 1048576K
}
Event: 1489.366 GC heap after
{Heap after GC invocations=294 (full 12):
 PSYoungGen      total 20992K, used 3064K [0x00000000eab00000, 0x00000000ec400000, 0x0000000100000000)
  eden space 17920K, 0% used [0x00000000eab00000,0x00000000eab00000,0x00000000ebc80000)
  from space 3072K, 99% used [0x00000000ec000000,0x00000000ec2fe2f8,0x00000000ec300000)
  to   space 3584K, 0% used [0x00000000ebc80000,0x00000000ebc80000,0x00000000ec000000)
 ParOldGen       total 223744K, used 192845K [0x00000000c0000000, 0x00000000cda80000, 0x00000000eab00000)
  object space 223744K, 86% used [0x00000000c0000000,0x00000000cbc536f0,0x00000000cda80000)
 Metaspace       used 90562K, committed 91904K, reserved 1179648K
  class space    used 9767K, committed 10368K, reserved 1048576K
}
Event: 1490.352 GC heap before
{Heap before GC invocations=295 (full 12):
 PSYoungGen      total 20992K, used 20984K [0x00000000eab00000, 0x00000000ec400000, 0x0000000100000000)
  eden space 17920K, 100% used [0x00000000eab00000,0x00000000ebc80000,0x00000000ebc80000)
  from space 3072K, 99% used [0x00000000ec000000,0x00000000ec2fe2f8,0x00000000ec300000)
  to   space 3584K, 0% used [0x00000000ebc80000,0x00000000ebc80000,0x00000000ec000000)
 ParOldGen       total 223744K, used 192845K [0x00000000c0000000, 0x00000000cda80000, 0x00000000eab00000)
  object space 223744K, 86% used [0x00000000c0000000,0x00000000cbc536f0,0x00000000cda80000)
 Metaspace       used 91182K, committed 92544K, reserved 1179648K
  class space    used 9823K, committed 10432K, reserved 1048576K
}
Event: 1490.356 GC heap after
{Heap after GC invocations=295 (full 12):
 PSYoungGen      total 21504K, used 3576K [0x00000000eab00000, 0x00000000ec580000, 0x0000000100000000)
  eden space 17920K, 0% used [0x00000000eab00000,0x00000000eab00000,0x00000000ebc80000)
  from space 3584K, 99% used [0x00000000ebc80000,0x00000000ebffe318,0x00000000ec000000)
  to   space 4608K, 0% used [0x00000000ec100000,0x00000000ec100000,0x00000000ec580000)
 ParOldGen       total 223744K, used 193522K [0x00000000c0000000, 0x00000000cda80000, 0x00000000eab00000)
  object space 223744K, 86% used [0x00000000c0000000,0x00000000cbcfcba0,0x00000000cda80000)
 Metaspace       used 91182K, committed 92544K, reserved 1179648K
  class space    used 9823K, committed 10432K, reserved 1048576K
}
Event: 1492.226 GC heap before
{Heap before GC invocations=296 (full 12):
 PSYoungGen      total 21504K, used 21496K [0x00000000eab00000, 0x00000000ec580000, 0x0000000100000000)
  eden space 17920K, 100% used [0x00000000eab00000,0x00000000ebc80000,0x00000000ebc80000)
  from space 3584K, 99% used [0x00000000ebc80000,0x00000000ebffe318,0x00000000ec000000)
  to   space 4608K, 0% used [0x00000000ec100000,0x00000000ec100000,0x00000000ec580000)
 ParOldGen       total 223744K, used 193522K [0x00000000c0000000, 0x00000000cda80000, 0x00000000eab00000)
  object space 223744K, 86% used [0x00000000c0000000,0x00000000cbcfcba0,0x00000000cda80000)
 Metaspace       used 91252K, committed 92608K, reserved 1179648K
  class space    used 9832K, committed 10432K, reserved 1048576K
}
Event: 1492.229 GC heap after
{Heap after GC invocations=296 (full 12):
 PSYoungGen      total 20992K, used 2775K [0x00000000eab00000, 0x00000000ec400000, 0x0000000100000000)
  eden space 17920K, 0% used [0x00000000eab00000,0x00000000eab00000,0x00000000ebc80000)
  from space 3072K, 90% used [0x00000000ec100000,0x00000000ec3b5dc8,0x00000000ec400000)
  to   space 3584K, 0% used [0x00000000ebd00000,0x00000000ebd00000,0x00000000ec080000)
 ParOldGen       total 223744K, used 193900K [0x00000000c0000000, 0x00000000cda80000, 0x00000000eab00000)
  object space 223744K, 86% used [0x00000000c0000000,0x00000000cbd5b0b0,0x00000000cda80000)
 Metaspace       used 91252K, committed 92608K, reserved 1179648K
  class space    used 9832K, committed 10432K, reserved 1048576K
}
Event: 1493.425 GC heap before
{Heap before GC invocations=297 (full 12):
 PSYoungGen      total 20992K, used 20695K [0x00000000eab00000, 0x00000000ec400000, 0x0000000100000000)
  eden space 17920K, 100% used [0x00000000eab00000,0x00000000ebc80000,0x00000000ebc80000)
  from space 3072K, 90% used [0x00000000ec100000,0x00000000ec3b5dc8,0x00000000ec400000)
  to   space 3584K, 0% used [0x00000000ebd00000,0x00000000ebd00000,0x00000000ec080000)
 ParOldGen       total 223744K, used 193900K [0x00000000c0000000, 0x00000000cda80000, 0x00000000eab00000)
  object space 223744K, 86% used [0x00000000c0000000,0x00000000cbd5b0b0,0x00000000cda80000)
 Metaspace       used 91279K, committed 92672K, reserved 1179648K
  class space    used 9832K, committed 10432K, reserved 1048576K
}
Event: 1493.428 GC heap after
{Heap after GC invocations=297 (full 12):
 PSYoungGen      total 21504K, used 3287K [0x00000000eab00000, 0x00000000ec380000, 0x0000000100000000)
  eden space 17920K, 0% used [0x00000000eab00000,0x00000000eab00000,0x00000000ebc80000)
  from space 3584K, 91% used [0x00000000ebd00000,0x00000000ec035de8,0x00000000ec080000)
  to   space 3072K, 0% used [0x00000000ec080000,0x00000000ec080000,0x00000000ec380000)
 ParOldGen       total 223744K, used 193908K [0x00000000c0000000, 0x00000000cda80000, 0x00000000eab00000)
  object space 223744K, 86% used [0x00000000c0000000,0x00000000cbd5d0b0,0x00000000cda80000)
 Metaspace       used 91279K, committed 92672K, reserved 1179648K
  class space    used 9832K, committed 10432K, reserved 1048576K
}
Event: 1495.462 GC heap before
{Heap before GC invocations=298 (full 12):
 PSYoungGen      total 21504K, used 21179K [0x00000000eab00000, 0x00000000ec380000, 0x0000000100000000)
  eden space 17920K, 99% used [0x00000000eab00000,0x00000000ebc79060,0x00000000ebc80000)
  from space 3584K, 91% used [0x00000000ebd00000,0x00000000ec035de8,0x00000000ec080000)
  to   space 3072K, 0% used [0x00000000ec080000,0x00000000ec080000,0x00000000ec380000)
 ParOldGen       total 223744K, used 193908K [0x00000000c0000000, 0x00000000cda80000, 0x00000000eab00000)
  object space 223744K, 86% used [0x00000000c0000000,0x00000000cbd5d0b0,0x00000000cda80000)
 Metaspace       used 91358K, committed 92736K, reserved 1179648K
  class space    used 9832K, committed 10432K, reserved 1048576K
}
Event: 1495.465 GC heap after
{Heap after GC invocations=298 (full 12):
 PSYoungGen      total 19456K, used 3047K [0x00000000eab00000, 0x00000000ec780000, 0x0000000100000000)
  eden space 16384K, 0% used [0x00000000eab00000,0x00000000eab00000,0x00000000ebb00000)
  from space 3072K, 99% used [0x00000000ec080000,0x00000000ec379df8,0x00000000ec380000)
  to   space 5632K, 0% used [0x00000000ebb00000,0x00000000ebb00000,0x00000000ec080000)
 ParOldGen       total 223744K, used 195781K [0x00000000c0000000, 0x00000000cda80000, 0x00000000eab00000)
  object space 223744K, 87% used [0x00000000c0000000,0x00000000cbf31658,0x00000000cda80000)
 Metaspace       used 91358K, committed 92736K, reserved 1179648K
  class space    used 9832K, committed 10432K, reserved 1048576K
}

