# JRE version: OpenJDK Runtime Environment Temurin-17.0.12+7 (17.0.12+7) (build 17.0.12+7)
# Java VM: OpenJDK 64-Bit Server VM Temurin-17.0.12+7 (17.0.12+7, mixed mode, tiered, compressed oops, compressed class ptrs, parallel gc, windows-amd64)
GC Precious Log:
 CPUs: 8 total, 8 available
 Memory: 7973M
 Large Page Support: Disabled
 NUMA Support: Disabled
 Compressed Oops: Enabled (32-bit)
 Alignments: Space 512K, Generation 512K, Heap 2M
 Heap Min Capacity: 100M
 Heap Initial Capacity: 100M
 Heap Max Capacity: 1G
 Pre-touch: Disabled
 Parallel Workers: 8
Heap:
 PSYoungGen      total 32256K, used 25101K [0x00000000eab00000, 0x00000000ee480000, 0x0000000100000000)
  eden space 30208K, 77% used [0x00000000eab00000,0x00000000ec1eaff8,0x00000000ec880000)
  from space 2048K, 79% used [0x00000000ee280000,0x00000000ee4184d0,0x00000000ee480000)
  to   space 2560K, 0% used [0x00000000edf80000,0x00000000edf80000,0x00000000ee200000)
 ParOldGen       total 417792K, used 370019K [0x00000000c0000000, 0x00000000d9800000, 0x00000000eab00000)
  object space 417792K, 88% used [0x00000000c0000000,0x00000000d6958ca8,0x00000000d9800000)
 Metaspace       used 86827K, committed 88256K, reserved 1179648K
  class space    used 9320K, committed 9920K, reserved 1048576K
GC Heap History (20 events):
Event: 74.441 GC heap before
{Heap before GC invocations=152 (full 13):
 PSYoungGen      total 37376K, used 37312K [0x00000000eab00000, 0x00000000eec80000, 0x0000000100000000)
  eden space 35328K, 100% used [0x00000000eab00000,0x00000000ecd80000,0x00000000ecd80000)
  from space 2048K, 96% used [0x00000000eea80000,0x00000000eec70020,0x00000000eec80000)
  to   space 2560K, 0% used [0x00000000ee780000,0x00000000ee780000,0x00000000eea00000)
 ParOldGen       total 417792K, used 360524K [0x00000000c0000000, 0x00000000d9800000, 0x00000000eab00000)
  object space 417792K, 86% used [0x00000000c0000000,0x00000000d6013140,0x00000000d9800000)
 Metaspace       used 78976K, committed 80320K, reserved 1179648K
  class space    used 8401K, committed 8960K, reserved 1048576K
}
Event: 74.444 GC heap after
{Heap after GC invocations=152 (full 13):
 PSYoungGen      total 36352K, used 1088K [0x00000000eab00000, 0x00000000eeb00000, 0x0000000100000000)
  eden space 34816K, 0% used [0x00000000eab00000,0x00000000eab00000,0x00000000ecd00000)
  from space 1536K, 70% used [0x00000000ee780000,0x00000000ee890020,0x00000000ee900000)
  to   space 1536K, 0% used [0x00000000ee980000,0x00000000ee980000,0x00000000eeb00000)
 ParOldGen       total 417792K, used 360532K [0x00000000c0000000, 0x00000000d9800000, 0x00000000eab00000)
  object space 417792K, 86% used [0x00000000c0000000,0x00000000d6015140,0x00000000d9800000)
 Metaspace       used 78976K, committed 80320K, reserved 1179648K
  class space    used 8401K, committed 8960K, reserved 1048576K
}
Event: 76.311 GC heap before
{Heap before GC invocations=153 (full 13):
 PSYoungGen      total 36352K, used 35904K [0x00000000eab00000, 0x00000000eeb00000, 0x0000000100000000)
  eden space 34816K, 100% used [0x00000000eab00000,0x00000000ecd00000,0x00000000ecd00000)
  from space 1536K, 70% used [0x00000000ee780000,0x00000000ee890020,0x00000000ee900000)
  to   space 1536K, 0% used [0x00000000ee980000,0x00000000ee980000,0x00000000eeb00000)
 ParOldGen       total 417792K, used 360532K [0x00000000c0000000, 0x00000000d9800000, 0x00000000eab00000)
  object space 417792K, 86% used [0x00000000c0000000,0x00000000d6015140,0x00000000d9800000)
 Metaspace       used 79367K, committed 80768K, reserved 1179648K
  class space    used 8427K, committed 9024K, reserved 1048576K
}
Event: 76.313 GC heap after
{Heap after GC invocations=153 (full 13):
 PSYoungGen      total 35840K, used 1520K [0x00000000eab00000, 0x00000000eeb00000, 0x0000000100000000)
  eden space 34304K, 0% used [0x00000000eab00000,0x00000000eab00000,0x00000000ecc80000)
  from space 1536K, 98% used [0x00000000ee980000,0x00000000eeafc050,0x00000000eeb00000)
  to   space 2560K, 0% used [0x00000000ee600000,0x00000000ee600000,0x00000000ee880000)
 ParOldGen       total 417792K, used 360993K [0x00000000c0000000, 0x00000000d9800000, 0x00000000eab00000)
  object space 417792K, 86% used [0x00000000c0000000,0x00000000d60885e0,0x00000000d9800000)
 Metaspace       used 79367K, committed 80768K, reserved 1179648K
  class space    used 8427K, committed 9024K, reserved 1048576K
}
Event: 79.005 GC heap before
{Heap before GC invocations=154 (full 13):
 PSYoungGen      total 35840K, used 35824K [0x00000000eab00000, 0x00000000eeb00000, 0x0000000100000000)
  eden space 34304K, 100% used [0x00000000eab00000,0x00000000ecc80000,0x00000000ecc80000)
  from space 1536K, 98% used [0x00000000ee980000,0x00000000eeafc050,0x00000000eeb00000)
  to   space 2560K, 0% used [0x00000000ee600000,0x00000000ee600000,0x00000000ee880000)
 ParOldGen       total 417792K, used 360993K [0x00000000c0000000, 0x00000000d9800000, 0x00000000eab00000)
  object space 417792K, 86% used [0x00000000c0000000,0x00000000d60885e0,0x00000000d9800000)
 Metaspace       used 79866K, committed 81280K, reserved 1179648K
  class space    used 8450K, committed 9024K, reserved 1048576K
}
Event: 79.010 GC heap after
{Heap after GC invocations=154 (full 13):
 PSYoungGen      total 36352K, used 2160K [0x00000000eab00000, 0x00000000eea00000, 0x0000000100000000)
  eden space 33792K, 0% used [0x00000000eab00000,0x00000000eab00000,0x00000000ecc00000)
  from space 2560K, 84% used [0x00000000ee600000,0x00000000ee81c050,0x00000000ee880000)
  to   space 1536K, 0% used [0x00000000ee880000,0x00000000ee880000,0x00000000eea00000)
 ParOldGen       total 417792K, used 361630K [0x00000000c0000000, 0x00000000d9800000, 0x00000000eab00000)
  object space 417792K, 86% used [0x00000000c0000000,0x00000000d61279d8,0x00000000d9800000)
 Metaspace       used 79866K, committed 81280K, reserved 1179648K
  class space    used 8450K, committed 9024K, reserved 1048576K
}
Event: 80.976 GC heap before
{Heap before GC invocations=155 (full 13):
 PSYoungGen      total 36352K, used 35952K [0x00000000eab00000, 0x00000000eea00000, 0x0000000100000000)
  eden space 33792K, 100% used [0x00000000eab00000,0x00000000ecc00000,0x00000000ecc00000)
  from space 2560K, 84% used [0x00000000ee600000,0x00000000ee81c050,0x00000000ee880000)
  to   space 1536K, 0% used [0x00000000ee880000,0x00000000ee880000,0x00000000eea00000)
 ParOldGen       total 417792K, used 361630K [0x00000000c0000000, 0x00000000d9800000, 0x00000000eab00000)
  object space 417792K, 86% used [0x00000000c0000000,0x00000000d61279d8,0x00000000d9800000)
 Metaspace       used 80582K, committed 81984K, reserved 1179648K
  class space    used 8499K, committed 9088K, reserved 1048576K
}
Event: 80.981 GC heap after
{Heap after GC invocations=155 (full 13):
 PSYoungGen      total 34816K, used 1523K [0x00000000eab00000, 0x00000000eea00000, 0x0000000100000000)
  eden space 33280K, 0% used [0x00000000eab00000,0x00000000eab00000,0x00000000ecb80000)
  from space 1536K, 99% used [0x00000000ee880000,0x00000000ee9fcf08,0x00000000eea00000)
  to   space 6656K, 0% used [0x00000000edd00000,0x00000000edd00000,0x00000000ee380000)
 ParOldGen       total 417792K, used 365863K [0x00000000c0000000, 0x00000000d9800000, 0x00000000eab00000)
  object space 417792K, 87% used [0x00000000c0000000,0x00000000d6549d40,0x00000000d9800000)
 Metaspace       used 80582K, committed 81984K, reserved 1179648K
  class space    used 8499K, committed 9088K, reserved 1048576K
}
Event: 82.308 GC heap before
{Heap before GC invocations=156 (full 13):
 PSYoungGen      total 34816K, used 34803K [0x00000000eab00000, 0x00000000eea00000, 0x0000000100000000)
  eden space 33280K, 100% used [0x00000000eab00000,0x00000000ecb80000,0x00000000ecb80000)
  from space 1536K, 99% used [0x00000000ee880000,0x00000000ee9fcf08,0x00000000eea00000)
  to   space 6656K, 0% used [0x00000000edd00000,0x00000000edd00000,0x00000000ee380000)
 ParOldGen       total 417792K, used 365863K [0x00000000c0000000, 0x00000000d9800000, 0x00000000eab00000)
  object space 417792K, 87% used [0x00000000c0000000,0x00000000d6549d40,0x00000000d9800000)
 Metaspace       used 80797K, committed 82176K, reserved 1179648K
  class space    used 8510K, committed 9088K, reserved 1048576K
}
Event: 82.310 GC heap after
{Heap after GC invocations=156 (full 13):
 PSYoungGen      total 39424K, used 2352K [0x00000000eab00000, 0x00000000ee900000, 0x0000000100000000)
  eden space 32768K, 0% used [0x00000000eab00000,0x00000000eab00000,0x00000000ecb00000)
  from space 6656K, 35% used [0x00000000edd00000,0x00000000edf4c050,0x00000000ee380000)
  to   space 3584K, 0% used [0x00000000ee580000,0x00000000ee580000,0x00000000ee900000)
 ParOldGen       total 417792K, used 366093K [0x00000000c0000000, 0x00000000d9800000, 0x00000000eab00000)
  object space 417792K, 87% used [0x00000000c0000000,0x00000000d6583668,0x00000000d9800000)
 Metaspace       used 80797K, committed 82176K, reserved 1179648K
  class space    used 8510K, committed 9088K, reserved 1048576K
}
Event: 83.729 GC heap before
{Heap before GC invocations=157 (full 13):
 PSYoungGen      total 39424K, used 35120K [0x00000000eab00000, 0x00000000ee900000, 0x0000000100000000)
  eden space 32768K, 100% used [0x00000000eab00000,0x00000000ecb00000,0x00000000ecb00000)
  from space 6656K, 35% used [0x00000000edd00000,0x00000000edf4c050,0x00000000ee380000)
  to   space 3584K, 0% used [0x00000000ee580000,0x00000000ee580000,0x00000000ee900000)
 ParOldGen       total 417792K, used 366093K [0x00000000c0000000, 0x00000000d9800000, 0x00000000eab00000)
  object space 417792K, 87% used [0x00000000c0000000,0x00000000d6583668,0x00000000d9800000)
 Metaspace       used 82389K, committed 83840K, reserved 1179648K
  class space    used 8716K, committed 9280K, reserved 1048576K
}
Event: 83.733 GC heap after
{Heap after GC invocations=157 (full 13):
 PSYoungGen      total 35328K, used 2883K [0x00000000eab00000, 0x00000000ee880000, 0x0000000100000000)
  eden space 32256K, 0% used [0x00000000eab00000,0x00000000eab00000,0x00000000eca80000)
  from space 3072K, 93% used [0x00000000ee580000,0x00000000ee850e98,0x00000000ee880000)
  to   space 3072K, 0% used [0x00000000ee280000,0x00000000ee280000,0x00000000ee580000)
 ParOldGen       total 417792K, used 366101K [0x00000000c0000000, 0x00000000d9800000, 0x00000000eab00000)
  object space 417792K, 87% used [0x00000000c0000000,0x00000000d6585668,0x00000000d9800000)
 Metaspace       used 82389K, committed 83840K, reserved 1179648K
  class space    used 8716K, committed 9280K, reserved 1048576K
}
Event: 85.035 GC heap before
{Heap before GC invocations=158 (full 13):
 PSYoungGen      total 35328K, used 35139K [0x00000000eab00000, 0x00000000ee880000, 0x0000000100000000)
  eden space 32256K, 100% used [0x00000000eab00000,0x00000000eca80000,0x00000000eca80000)
  from space 3072K, 93% used [0x00000000ee580000,0x00000000ee850e98,0x00000000ee880000)
  to   space 3072K, 0% used [0x00000000ee280000,0x00000000ee280000,0x00000000ee580000)
 ParOldGen       total 417792K, used 366101K [0x00000000c0000000, 0x00000000d9800000, 0x00000000eab00000)
  object space 417792K, 87% used [0x00000000c0000000,0x00000000d6585668,0x00000000d9800000)
 Metaspace       used 82801K, committed 84224K, reserved 1179648K
  class space    used 8752K, committed 9344K, reserved 1048576K
}
Event: 85.038 GC heap after
{Heap after GC invocations=158 (full 13):
 PSYoungGen      total 34816K, used 3040K [0x00000000eab00000, 0x00000000ee600000, 0x0000000100000000)
  eden space 31744K, 0% used [0x00000000eab00000,0x00000000eab00000,0x00000000eca00000)
  from space 3072K, 98% used [0x00000000ee280000,0x00000000ee5780a0,0x00000000ee580000)
  to   space 512K, 0% used [0x00000000ee580000,0x00000000ee580000,0x00000000ee600000)
 ParOldGen       total 417792K, used 366853K [0x00000000c0000000, 0x00000000d9800000, 0x00000000eab00000)
  object space 417792K, 87% used [0x00000000c0000000,0x00000000d66416a8,0x00000000d9800000)
 Metaspace       used 82801K, committed 84224K, reserved 1179648K
  class space    used 8752K, committed 9344K, reserved 1048576K
}
Event: 86.191 GC heap before
{Heap before GC invocations=159 (full 13):
 PSYoungGen      total 34816K, used 34784K [0x00000000eab00000, 0x00000000ee600000, 0x0000000100000000)
  eden space 31744K, 100% used [0x00000000eab00000,0x00000000eca00000,0x00000000eca00000)
  from space 3072K, 98% used [0x00000000ee280000,0x00000000ee5780a0,0x00000000ee580000)
  to   space 512K, 0% used [0x00000000ee580000,0x00000000ee580000,0x00000000ee600000)
 ParOldGen       total 417792K, used 366853K [0x00000000c0000000, 0x00000000d9800000, 0x00000000eab00000)
  object space 417792K, 87% used [0x00000000c0000000,0x00000000d66416a8,0x00000000d9800000)
 Metaspace       used 82992K, committed 84352K, reserved 1179648K
  class space    used 8755K, committed 9344K, reserved 1048576K
}
Event: 86.195 GC heap after
{Heap after GC invocations=159 (full 13):
 PSYoungGen      total 31744K, used 480K [0x00000000eab00000, 0x00000000ee600000, 0x0000000100000000)
  eden space 31232K, 0% used [0x00000000eab00000,0x00000000eab00000,0x00000000ec980000)
  from space 512K, 93% used [0x00000000ee580000,0x00000000ee5f8020,0x00000000ee600000)
  to   space 3584K, 0% used [0x00000000edf00000,0x00000000edf00000,0x00000000ee280000)
 ParOldGen       total 417792K, used 369707K [0x00000000c0000000, 0x00000000d9800000, 0x00000000eab00000)
  object space 417792K, 88% used [0x00000000c0000000,0x00000000d690aca8,0x00000000d9800000)
 Metaspace       used 82992K, committed 84352K, reserved 1179648K
  class space    used 8755K, committed 9344K, reserved 1048576K
}
Event: 88.446 GC heap before
{Heap before GC invocations=160 (full 13):
 PSYoungGen      total 31744K, used 31712K [0x00000000eab00000, 0x00000000ee600000, 0x0000000100000000)
  eden space 31232K, 100% used [0x00000000eab00000,0x00000000ec980000,0x00000000ec980000)
  from space 512K, 93% used [0x00000000ee580000,0x00000000ee5f8020,0x00000000ee600000)
  to   space 3584K, 0% used [0x00000000edf00000,0x00000000edf00000,0x00000000ee280000)
 ParOldGen       total 417792K, used 369707K [0x00000000c0000000, 0x00000000d9800000, 0x00000000eab00000)
  object space 417792K, 88% used [0x00000000c0000000,0x00000000d690aca8,0x00000000d9800000)
 Metaspace       used 83377K, committed 84800K, reserved 1179648K
  class space    used 8800K, committed 9408K, reserved 1048576K
}
Event: 88.449 GC heap after
{Heap after GC invocations=160 (full 13):
 PSYoungGen      total 34304K, used 3511K [0x00000000eab00000, 0x00000000ee600000, 0x0000000100000000)
  eden space 30720K, 0% used [0x00000000eab00000,0x00000000eab00000,0x00000000ec900000)
  from space 3584K, 97% used [0x00000000edf00000,0x00000000ee26dde0,0x00000000ee280000)
  to   space 3584K, 0% used [0x00000000ee280000,0x00000000ee280000,0x00000000ee600000)
 ParOldGen       total 417792K, used 370019K [0x00000000c0000000, 0x00000000d9800000, 0x00000000eab00000)
  object space 417792K, 88% used [0x00000000c0000000,0x00000000d6958ca8,0x00000000d9800000)
 Metaspace       used 83377K, committed 84800K, reserved 1179648K
  class space    used 8800K, committed 9408K, reserved 1048576K
}
Event: 89.835 GC heap before
{Heap before GC invocations=161 (full 13):
 PSYoungGen      total 34304K, used 34231K [0x00000000eab00000, 0x00000000ee600000, 0x0000000100000000)
  eden space 30720K, 100% used [0x00000000eab00000,0x00000000ec900000,0x00000000ec900000)
  from space 3584K, 97% used [0x00000000edf00000,0x00000000ee26dde0,0x00000000ee280000)
  to   space 3584K, 0% used [0x00000000ee280000,0x00000000ee280000,0x00000000ee600000)
 ParOldGen       total 417792K, used 370019K [0x00000000c0000000, 0x00000000d9800000, 0x00000000eab00000)
  object space 417792K, 88% used [0x00000000c0000000,0x00000000d6958ca8,0x00000000d9800000)
 Metaspace       used 84749K, committed 86208K, reserved 1179648K
  class space    used 8973K, committed 9600K, reserved 1048576K
}
Event: 89.838 GC heap after
{Heap after GC invocations=161 (full 13):
 PSYoungGen      total 32256K, used 1633K [0x00000000eab00000, 0x00000000ee480000, 0x0000000100000000)
  eden space 30208K, 0% used [0x00000000eab00000,0x00000000eab00000,0x00000000ec880000)
  from space 2048K, 79% used [0x00000000ee280000,0x00000000ee4184d0,0x00000000ee480000)
  to   space 2560K, 0% used [0x00000000edf80000,0x00000000edf80000,0x00000000ee200000)
 ParOldGen       total 417792K, used 370019K [0x00000000c0000000, 0x00000000d9800000, 0x00000000eab00000)
  object space 417792K, 88% used [0x00000000c0000000,0x00000000d6958ca8,0x00000000d9800000)
 Metaspace       used 84749K, committed 86208K, reserved 1179648K
  class space    used 8973K, committed 9600K, reserved 1048576K
}

